<?xml version="1.0" encoding="UTF-8"?>
<!-- Generated by org.testng.reporters.JUnitReportReporter -->
<testsuite hostname="sanjuprasad" failures="0" tests="1" name="testcases.VerifyLogin" time="14.344" errors="0" timestamp="2022-01-14T22:26:22 SGT" skipped="0">
  <testcase classname="testcases.VerifyLogin" name="runLogin" time="14.344"/>
  <system-out/>
</testsuite> <!-- testcases.VerifyLogin -->
