<?xml version="1.0" encoding="UTF-8"?>
<!-- Generated by org.testng.reporters.JUnitReportReporter -->
<testsuite hostname="sanjuprasad" failures="0" tests="1" name="testcases.UpdateIncidentTC" time="31.739" errors="0" timestamp="2022-01-14T22:26:22 SGT" skipped="0">
  <testcase classname="testcases.UpdateIncidentTC" name="runUpdateIncident" time="31.739"/>
  <system-out/>
</testsuite> <!-- testcases.UpdateIncidentTC -->
